<?xml version="1.0" encoding="UTF-8"?>
<coverage generated="1770985132">
  <project timestamp="1770985132">
    <file name="/var/www/sandbox_php/brain-games/php-project-48/src/Ast.php">
      <line num="13" type="stmt" count="10"/>
      <line num="14" type="stmt" count="9"/>
      <line num="15" type="stmt" count="9"/>
      <line num="16" type="stmt" count="9"/>
      <line num="17" type="stmt" count="9"/>
      <line num="18" type="stmt" count="9"/>
      <line num="19" type="stmt" count="9"/>
      <line num="20" type="stmt" count="9"/>
      <line num="21" type="stmt" count="9"/>
      <line num="22" type="stmt" count="10"/>
      <line num="27" type="stmt" count="10"/>
      <line num="28" type="stmt" count="10"/>
      <line num="29" type="stmt" count="10"/>
      <line num="30" type="stmt" count="10"/>
      <line num="31" type="stmt" count="10"/>
      <line num="32" type="stmt" count="10"/>
      <line num="33" type="stmt" count="10"/>
      <line num="34" type="stmt" count="9"/>
      <line num="35" type="stmt" count="9"/>
      <line num="37" type="stmt" count="6"/>
      <line num="39" type="stmt" count="8"/>
      <line num="41" type="stmt" count="6"/>
      <line num="43" type="stmt" count="7"/>
      <line num="45" type="stmt" count="2"/>
      <line num="46" type="stmt" count="2"/>
      <line num="48" type="stmt" count="7"/>
      <line num="50" type="stmt" count="6"/>
      <line num="51" type="stmt" count="6"/>
      <line num="55" type="stmt" count="6"/>
      <line num="58" type="stmt" count="10"/>
      <metrics loc="59" ncloc="59" classes="0" methods="0" coveredmethods="0" conditionals="0" coveredconditionals="0" statements="30" coveredstatements="30" elements="30" coveredelements="30"/>
    </file>
    <file name="/var/www/sandbox_php/brain-games/php-project-48/src/Configs.php">
      <line num="16" type="stmt" count="19"/>
      <line num="17" type="stmt" count="19"/>
      <line num="18" type="stmt" count="19"/>
      <line num="19" type="stmt" count="19"/>
      <line num="21" type="stmt" count="19"/>
      <line num="22" type="stmt" count="12"/>
      <line num="23" type="stmt" count="19"/>
      <line num="28" type="stmt" count="16"/>
      <line num="29" type="stmt" count="16"/>
      <line num="30" type="stmt" count="16"/>
      <line num="31" type="stmt" count="16"/>
      <line num="32" type="stmt" count="16"/>
      <line num="37" type="stmt" count="16"/>
      <line num="38" type="stmt" count="16"/>
      <line num="39" type="stmt" count="16"/>
      <line num="40" type="stmt" count="16"/>
      <line num="41" type="stmt" count="16"/>
      <metrics loc="43" ncloc="43" classes="0" methods="0" coveredmethods="0" conditionals="0" coveredconditionals="0" statements="17" coveredstatements="17" elements="17" coveredelements="17"/>
    </file>
    <file name="/var/www/sandbox_php/brain-games/php-project-48/src/Differentiator.php">
      <line num="22" type="stmt" count="12"/>
      <line num="23" type="stmt" count="12"/>
      <line num="24" type="stmt" count="11"/>
      <line num="25" type="stmt" count="11"/>
      <line num="26" type="stmt" count="10"/>
      <line num="27" type="stmt" count="10"/>
      <line num="28" type="stmt" count="10"/>
      <line num="29" type="stmt" count="10"/>
      <line num="30" type="stmt" count="10"/>
      <line num="31" type="stmt" count="10"/>
      <line num="32" type="stmt" count="10"/>
      <line num="33" type="stmt" count="10"/>
      <line num="34" type="stmt" count="10"/>
      <line num="35" type="stmt" count="10"/>
      <metrics loc="37" ncloc="34" classes="0" methods="0" coveredmethods="0" conditionals="0" coveredconditionals="0" statements="14" coveredstatements="14" elements="14" coveredelements="14"/>
    </file>
    <file name="/var/www/sandbox_php/brain-games/php-project-48/src/Formatters.php">
      <line num="10" type="stmt" count="11"/>
      <line num="11" type="stmt" count="11"/>
      <line num="12" type="stmt" count="11"/>
      <line num="13" type="stmt" count="11"/>
      <metrics loc="15" ncloc="15" classes="0" methods="0" coveredmethods="0" conditionals="0" coveredconditionals="0" statements="4" coveredstatements="4" elements="4" coveredelements="4"/>
    </file>
    <file name="/var/www/sandbox_php/brain-games/php-project-48/src/Parsers.php">
      <line num="9" type="stmt" count="11"/>
      <line num="10" type="stmt" count="11"/>
      <line num="11" type="stmt" count="11"/>
      <line num="12" type="stmt" count="11"/>
      <metrics loc="14" ncloc="14" classes="0" methods="0" coveredmethods="0" conditionals="0" coveredconditionals="0" statements="4" coveredstatements="4" elements="4" coveredelements="4"/>
    </file>
    <file name="/var/www/sandbox_php/brain-games/php-project-48/src/Services.php">
      <line num="21" type="stmt" count="10"/>
      <line num="22" type="stmt" count="10"/>
      <line num="23" type="stmt" count="10"/>
      <line num="24" type="stmt" count="10"/>
      <line num="25" type="stmt" count="10"/>
      <line num="26" type="stmt" count="10"/>
      <line num="27" type="stmt" count="10"/>
      <line num="35" type="stmt" count="12"/>
      <line num="36" type="stmt" count="12"/>
      <line num="37" type="stmt" count="12"/>
      <line num="38" type="stmt" count="11"/>
      <line num="39" type="stmt" count="11"/>
      <line num="40" type="stmt" count="12"/>
      <line num="41" type="stmt" count="12"/>
      <line num="42" type="stmt" count="12"/>
      <line num="47" type="stmt" count="11"/>
      <line num="48" type="stmt" count="11"/>
      <line num="49" type="stmt" count="9"/>
      <line num="51" type="stmt" count="9"/>
      <line num="52" type="stmt" count="7"/>
      <line num="54" type="stmt" count="7"/>
      <line num="55" type="stmt" count="7"/>
      <line num="56" type="stmt" count="7"/>
      <line num="57" type="stmt" count="7"/>
      <line num="58" type="stmt" count="7"/>
      <line num="60" type="stmt" count="7"/>
      <line num="61" type="stmt" count="5"/>
      <line num="62" type="stmt" count="7"/>
      <line num="63" type="stmt" count="5"/>
      <line num="65" type="stmt" count="5"/>
      <line num="68" type="stmt" count="7"/>
      <line num="69" type="stmt" count="3"/>
      <line num="70" type="stmt" count="3"/>
      <line num="73" type="stmt" count="9"/>
      <line num="75" type="stmt" count="9"/>
      <line num="76" type="stmt" count="7"/>
      <line num="79" type="stmt" count="9"/>
      <line num="80" type="stmt" count="11"/>
      <line num="81" type="stmt" count="11"/>
      <metrics loc="83" ncloc="77" classes="0" methods="0" coveredmethods="0" conditionals="0" coveredconditionals="0" statements="39" coveredstatements="39" elements="39" coveredelements="39"/>
    </file>
    <file name="/var/www/sandbox_php/brain-games/php-project-48/src/Utils/CommonUtils.php">
      <line num="9" type="stmt" count="22"/>
      <line num="10" type="stmt" count="15"/>
      <line num="13" type="stmt" count="19"/>
      <line num="14" type="stmt" count="4"/>
      <line num="17" type="stmt" count="17"/>
      <line num="23" type="stmt" count="18"/>
      <line num="24" type="stmt" count="18"/>
      <line num="25" type="stmt" count="18"/>
      <line num="26" type="stmt" count="18"/>
      <line num="27" type="stmt" count="18"/>
      <line num="29" type="stmt" count="18"/>
      <line num="30" type="stmt" count="3"/>
      <line num="33" type="stmt" count="15"/>
      <line num="38" type="stmt" count="21"/>
      <metrics loc="39" ncloc="39" classes="0" methods="0" coveredmethods="0" conditionals="0" coveredconditionals="0" statements="14" coveredstatements="14" elements="14" coveredelements="14"/>
    </file>
    <file name="/var/www/sandbox_php/brain-games/php-project-48/src/Utils/FileSystemUtils.php">
      <line num="15" type="stmt" count="13"/>
      <line num="16" type="stmt" count="1"/>
      <line num="21" type="stmt" count="16"/>
      <line num="22" type="stmt" count="3"/>
      <line num="27" type="stmt" count="13"/>
      <line num="28" type="stmt" count="12"/>
      <line num="29" type="stmt" count="12"/>
      <line num="30" type="stmt" count="0"/>
      <line num="32" type="stmt" count="12"/>
      <line num="40" type="stmt" count="14"/>
      <line num="41" type="stmt" count="14"/>
      <line num="42" type="stmt" count="2"/>
      <line num="44" type="stmt" count="12"/>
      <line num="54" type="stmt" count="14"/>
      <line num="55" type="stmt" count="1"/>
      <line num="57" type="stmt" count="13"/>
      <line num="58" type="stmt" count="13"/>
      <line num="59" type="stmt" count="1"/>
      <line num="62" type="stmt" count="13"/>
      <line num="63" type="stmt" count="13"/>
      <line num="64" type="stmt" count="0"/>
      <line num="66" type="stmt" count="13"/>
      <line num="67" type="stmt" count="13"/>
      <metrics loc="70" ncloc="59" classes="0" methods="0" coveredmethods="0" conditionals="0" coveredconditionals="0" statements="23" coveredstatements="21" elements="23" coveredelements="21"/>
    </file>
    <file name="/var/www/sandbox_php/brain-games/php-project-48/src/Validators.php">
      <line num="14" type="stmt" count="16"/>
      <line num="15" type="stmt" count="16"/>
      <line num="16" type="stmt" count="16"/>
      <line num="17" type="stmt" count="16"/>
      <line num="18" type="stmt" count="16"/>
      <line num="19" type="stmt" count="16"/>
      <line num="21" type="stmt" count="16"/>
      <line num="22" type="stmt" count="16"/>
      <line num="24" type="stmt" count="16"/>
      <line num="25" type="stmt" count="1"/>
      <line num="26" type="stmt" count="1"/>
      <line num="27" type="stmt" count="1"/>
      <line num="30" type="stmt" count="15"/>
      <line num="31" type="stmt" count="1"/>
      <line num="32" type="stmt" count="1"/>
      <line num="33" type="stmt" count="1"/>
      <line num="36" type="stmt" count="14"/>
      <line num="37" type="stmt" count="2"/>
      <line num="38" type="stmt" count="2"/>
      <line num="39" type="stmt" count="2"/>
      <metrics loc="42" ncloc="39" classes="0" methods="0" coveredmethods="0" conditionals="0" coveredconditionals="0" statements="20" coveredstatements="20" elements="20" coveredelements="20"/>
    </file>
    <package name="Hexlet\Code\exceptions">
      <file name="/var/www/sandbox_php/brain-games/php-project-48/src/exceptions/AggregateValidationException.php">
        <class name="Hexlet\Code\exceptions\AggregateValidationException" namespace="Hexlet\Code\exceptions">
          <metrics complexity="3" methods="3" coveredmethods="0" conditionals="0" coveredconditionals="0" statements="3" coveredstatements="0" elements="6" coveredelements="0"/>
        </class>
        <line num="7" type="method" name="__construct" visibility="public" complexity="1" crap="2" count="0"/>
        <line num="9" type="stmt" count="0"/>
        <line num="11" type="method" name="getErrors" visibility="public" complexity="1" crap="2" count="0"/>
        <line num="13" type="stmt" count="0"/>
        <line num="15" type="method" name="getErrorsAsString" visibility="public" complexity="1" crap="2" count="0"/>
        <line num="17" type="stmt" count="0"/>
        <metrics loc="20" ncloc="20" classes="1" methods="3" coveredmethods="0" conditionals="0" coveredconditionals="0" statements="3" coveredstatements="0" elements="6" coveredelements="0"/>
      </file>
      <file name="/var/www/sandbox_php/brain-games/php-project-48/src/exceptions/AstRuntimeException.php">
        <class name="Hexlet\Code\exceptions\AstRuntimeException" namespace="Hexlet\Code\exceptions">
          <metrics complexity="1" methods="1" coveredmethods="0" conditionals="0" coveredconditionals="0" statements="1" coveredstatements="0" elements="2" coveredelements="0"/>
        </class>
        <line num="7" type="method" name="__construct" visibility="public" complexity="1" crap="2" count="0"/>
        <line num="12" type="stmt" count="0"/>
        <metrics loc="15" ncloc="15" classes="1" methods="1" coveredmethods="0" conditionals="0" coveredconditionals="0" statements="1" coveredstatements="0" elements="2" coveredelements="0"/>
      </file>
      <file name="/var/www/sandbox_php/brain-games/php-project-48/src/exceptions/UnsupportedFormatTypeException.php">
        <class name="Hexlet\Code\exceptions\UnsupportedFormatTypeException" namespace="Hexlet\Code\exceptions">
          <metrics complexity="1" methods="1" coveredmethods="0" conditionals="0" coveredconditionals="0" statements="1" coveredstatements="0" elements="2" coveredelements="0"/>
        </class>
        <line num="7" type="method" name="__construct" visibility="public" complexity="1" crap="2" count="0"/>
        <line num="12" type="stmt" count="0"/>
        <metrics loc="15" ncloc="15" classes="1" methods="1" coveredmethods="0" conditionals="0" coveredconditionals="0" statements="1" coveredstatements="0" elements="2" coveredelements="0"/>
      </file>
      <file name="/var/www/sandbox_php/brain-games/php-project-48/src/exceptions/UnsupportedFormatterTypeException.php">
        <class name="Hexlet\Code\exceptions\UnsupportedFormatterTypeException" namespace="Hexlet\Code\exceptions">
          <metrics complexity="1" methods="1" coveredmethods="1" conditionals="0" coveredconditionals="0" statements="1" coveredstatements="1" elements="2" coveredelements="2"/>
        </class>
        <line num="9" type="method" name="__construct" visibility="public" complexity="1" crap="1" count="1"/>
        <line num="11" type="stmt" count="1"/>
        <metrics loc="13" ncloc="13" classes="1" methods="1" coveredmethods="1" conditionals="0" coveredconditionals="0" statements="1" coveredstatements="1" elements="2" coveredelements="2"/>
      </file>
      <file name="/var/www/sandbox_php/brain-games/php-project-48/src/exceptions/UnsupportedParserTypeException.php">
        <class name="Hexlet\Code\exceptions\UnsupportedParserTypeException" namespace="Hexlet\Code\exceptions">
          <metrics complexity="1" methods="1" coveredmethods="1" conditionals="0" coveredconditionals="0" statements="1" coveredstatements="1" elements="2" coveredelements="2"/>
        </class>
        <line num="9" type="method" name="__construct" visibility="public" complexity="1" crap="1" count="4"/>
        <line num="11" type="stmt" count="4"/>
        <metrics loc="13" ncloc="13" classes="1" methods="1" coveredmethods="1" conditionals="0" coveredconditionals="0" statements="1" coveredstatements="1" elements="2" coveredelements="2"/>
      </file>
    </package>
    <file name="/var/www/sandbox_php/brain-games/php-project-48/src/factories/FormatterFactory.php">
      <line num="11" type="stmt" count="11"/>
      <line num="13" type="stmt" count="11"/>
      <line num="14" type="stmt" count="0"/>
      <line num="17" type="stmt" count="11"/>
      <metrics loc="19" ncloc="19" classes="0" methods="0" coveredmethods="0" conditionals="0" coveredconditionals="0" statements="4" coveredstatements="3" elements="4" coveredelements="3"/>
    </file>
    <file name="/var/www/sandbox_php/brain-games/php-project-48/src/factories/ParserFactory.php">
      <line num="9" type="stmt" count="11"/>
      <line num="11" type="stmt" count="11"/>
      <line num="12" type="stmt" count="0"/>
      <line num="15" type="stmt" count="11"/>
      <metrics loc="17" ncloc="17" classes="0" methods="0" coveredmethods="0" conditionals="0" coveredconditionals="0" statements="4" coveredstatements="3" elements="4" coveredelements="3"/>
    </file>
    <file name="/var/www/sandbox_php/brain-games/php-project-48/src/formatters/Formatter.php">
      <line num="7" type="stmt" count="1"/>
      <line num="8" type="stmt" count="1"/>
      <line num="9" type="stmt" count="1"/>
      <line num="10" type="stmt" count="1"/>
      <line num="11" type="stmt" count="1"/>
      <line num="12" type="stmt" count="1"/>
      <line num="17" type="stmt" count="1"/>
      <line num="18" type="stmt" count="1"/>
      <metrics loc="20" ncloc="20" classes="0" methods="0" coveredmethods="0" conditionals="0" coveredconditionals="0" statements="8" coveredstatements="8" elements="8" coveredelements="8"/>
    </file>
    <file name="/var/www/sandbox_php/brain-games/php-project-48/src/formatters/PlainFormat.php">
      <line num="15" type="stmt" count="1"/>
      <line num="16" type="stmt" count="1"/>
      <line num="17" type="stmt" count="1"/>
      <line num="18" type="stmt" count="1"/>
      <line num="19" type="stmt" count="1"/>
      <line num="20" type="stmt" count="1"/>
      <line num="25" type="stmt" count="1"/>
      <line num="27" type="stmt" count="1"/>
      <line num="28" type="stmt" count="1"/>
      <line num="29" type="stmt" count="1"/>
      <line num="31" type="stmt" count="1"/>
      <line num="32" type="stmt" count="1"/>
      <line num="34" type="stmt" count="1"/>
      <line num="35" type="stmt" count="1"/>
      <line num="36" type="stmt" count="1"/>
      <line num="38" type="stmt" count="1"/>
      <line num="40" type="stmt" count="1"/>
      <line num="41" type="stmt" count="1"/>
      <line num="42" type="stmt" count="1"/>
      <line num="43" type="stmt" count="1"/>
      <line num="48" type="stmt" count="1"/>
      <line num="50" type="stmt" count="1"/>
      <line num="51" type="stmt" count="1"/>
      <line num="52" type="stmt" count="1"/>
      <line num="53" type="stmt" count="1"/>
      <line num="54" type="stmt" count="1"/>
      <line num="55" type="stmt" count="1"/>
      <line num="57" type="stmt" count="1"/>
      <line num="58" type="stmt" count="1"/>
      <line num="63" type="stmt" count="1"/>
      <line num="68" type="stmt" count="1"/>
      <line num="69" type="stmt" count="1"/>
      <line num="70" type="stmt" count="1"/>
      <line num="72" type="stmt" count="1"/>
      <line num="73" type="stmt" count="1"/>
      <line num="74" type="stmt" count="1"/>
      <line num="77" type="stmt" count="1"/>
      <line num="79" type="stmt" count="1"/>
      <line num="84" type="stmt" count="1"/>
      <line num="85" type="stmt" count="1"/>
      <line num="86" type="stmt" count="1"/>
      <line num="87" type="stmt" count="1"/>
      <line num="88" type="stmt" count="1"/>
      <line num="89" type="stmt" count="1"/>
      <metrics loc="92" ncloc="92" classes="0" methods="0" coveredmethods="0" conditionals="0" coveredconditionals="0" statements="44" coveredstatements="44" elements="44" coveredelements="44"/>
    </file>
    <file name="/var/www/sandbox_php/brain-games/php-project-48/src/formatters/StylishFormat.php">
      <line num="12" type="stmt" count="16"/>
      <line num="17" type="stmt" count="16"/>
      <line num="18" type="stmt" count="16"/>
      <line num="19" type="stmt" count="15"/>
      <line num="22" type="stmt" count="16"/>
      <line num="23" type="stmt" count="16"/>
      <line num="24" type="stmt" count="16"/>
      <line num="29" type="stmt" count="15"/>
      <line num="30" type="stmt" count="15"/>
      <line num="31" type="stmt" count="15"/>
      <line num="32" type="stmt" count="4"/>
      <line num="33" type="stmt" count="4"/>
      <line num="36" type="stmt" count="15"/>
      <line num="37" type="stmt" count="15"/>
      <line num="43" type="stmt" count="15"/>
      <line num="44" type="stmt" count="15"/>
      <line num="50" type="stmt" count="2"/>
      <line num="51" type="stmt" count="2"/>
      <line num="53" type="stmt" count="2"/>
      <line num="55" type="stmt" count="2"/>
      <line num="56" type="stmt" count="2"/>
      <line num="57" type="stmt" count="2"/>
      <line num="58" type="stmt" count="2"/>
      <line num="60" type="stmt" count="2"/>
      <line num="64" type="stmt" count="2"/>
      <line num="65" type="stmt" count="2"/>
      <line num="70" type="stmt" count="15"/>
      <line num="71" type="stmt" count="15"/>
      <line num="72" type="stmt" count="9"/>
      <line num="73" type="stmt" count="13"/>
      <line num="74" type="stmt" count="7"/>
      <line num="75" type="stmt" count="11"/>
      <line num="76" type="stmt" count="7"/>
      <line num="77" type="stmt" count="7"/>
      <line num="80" type="stmt" count="7"/>
      <line num="81" type="stmt" count="7"/>
      <line num="83" type="stmt" count="0"/>
      <line num="85" type="stmt" count="9"/>
      <line num="87" type="stmt" count="0"/>
      <line num="93" type="stmt" count="16"/>
      <metrics loc="94" ncloc="94" classes="0" methods="0" coveredmethods="0" conditionals="0" coveredconditionals="0" statements="40" coveredstatements="38" elements="40" coveredelements="38"/>
    </file>
    <metrics files="19" loc="720" ncloc="697" classes="5" methods="7" coveredmethods="2" conditionals="0" coveredconditionals="0" statements="272" coveredstatements="261" elements="279" coveredelements="263"/>
  </project>
</coverage>
